============================================================================
| ACPYPE: AnteChamber PYthon Parser interfacE v. 2023.10.27 (c) 2025 AWSdS |
============================================================================
DEBUG: CLI: -i DTAB.pdb -c user -n 1
DEBUG: Python Version 3.9.21 (main, Dec 11 2024, 16:24:11) 
[GCC 11.2.0]
DEBUG: Max execution time tolerance is 3h
DEBUG: setResNameCheckCoords done
WARNING: cannot read charges from a PDB file
WARNING: using now 'bcc' method for charge
DEBUG: Net charge drift '0.000000'
==> ... charge set to 1
==> ... converting pdb input file to mol2 input file
DEBUG: /home/usac/Desktop/gromacs_ns/venv/bin/obabel -ipdb DTAB.pdb -omol2 -O DTAB.mol2
==> * Babel OK *
==> Executing Antechamber...
DEBUG: /home/usac/Desktop/gromacs_ns/venv/bin/antechamber -dr no -i DTAB.mol2 -fi mol2 -o DTAB_user_gaff2.mol2 -fo mol2 -c bcc -nc 1 -m 1 -s 2 -df 2 -at gaff2 -pf n 
DEBUG: No file left to be removed
==> * Antechamber OK *
DEBUG: /home/usac/Desktop/gromacs_ns/venv/bin/parmchk2 -i DTAB_user_gaff2.mol2 -f mol2 -o DTAB_AC.frcmod -s 2
==> * Parmchk OK *
DEBUG: No crd or prm files left to be removed
==> Executing Tleap...
DEBUG: /home/usac/Desktop/gromacs_ns/venv/bin/tleap -f tleap.in
DEBUG: ++++++++++start_quote+++++++++++++++++++++++++++++++++++++++++++++++++++++++++++
DEBUG: Checking 'DTA'....

/home/usac/Desktop/gromacs_ns/venv/bin/teLeap: Warning!
The unperturbed charge of the unit (1.000995) is not zero.
Checking parameters for unit 'DTA'.
Checking for bond parameters.
Checking for angle parameters.
check: Warnings: 1
Unit is OK.
DEBUG: ++++++++++end_quote+++++++++++++++++++++++++++++++++++++++++++++++++++++++++++++
==> * Tleap OK *
==> Removing temporary files...
DEBUG: prmtop and inpcrd files loaded
DEBUG: basename defined = 'DTAB'
DEBUG: getCoords done
DEBUG: getABCOEFs done
DEBUG: charge to be balanced: total 1.0009950023
DEBUG: balanceCharges done
DEBUG: Balanced TotalCharge 1.0000000000
DEBUG: PBC = None
DEBUG: getAtoms done
DEBUG: getBonds done
DEBUG: getAngles done
DEBUG: getDihedrals done
==> Using OpenBabel v.3.1.0

==> Writing NEW PDB file

==> Writing CNS/XPLOR files

DEBUG: chiralGroups 0
==> Writing GROMACS files

==> Disambiguating lower and uppercase atomtypes in GMX top file, even if identical.

DEBUG: writing GRO file
DEBUG: Box size estimated
DEBUG: writing POSRE file
DEBUG: atomTypes 4
DEBUG: GMX atomtypes done
DEBUG: atoms 50
DEBUG: GMX atoms done
DEBUG: bonds 49
DEBUG: GMX bonds done
DEBUG: atomPairs 135
DEBUG: GMX pairs done
DEBUG: angles 96
DEBUG: GMX angles done
DEBUG: setProperDihedralsCoef done
DEBUG: properDihedralsCoefRB 135
DEBUG: properDihedralsAlphaGamma 0
DEBUG: properDihedralsGmx45 135
==> Writing GMX dihedrals for GMX 4.5 and higher.

DEBUG: GMX special proper dihedrals done
DEBUG: improperDihedrals 0
DEBUG: GMX improper dihedrals done
==> Writing CHARMM files

DEBUG: /home/usac/Desktop/gromacs_ns/venv/bin/antechamber -dr no -i DTAB_user_gaff2.mol2 -fi mol2 -o DTAB_CHARMM -fo charmm -s 2 -at gaff2 -pf n -rn DTA
DEBUG: ++++++++++start_quote+++++++++++++++++++++++++++++++++++++++++++++++++++++++++++
DEBUG: 
Welcome to antechamber 22.0: molecular input file processor.

Info: The atom type is set to gaff2; the options available to the -at flag are
 gaff, gaff2, amber, bcc, and sybyl.

Info: Ignoring Mol2 record type (@<TRIPOS>SUBSTRUCTURE).
Info: Finished reading file (DTAB_user_gaff2.mol2); atoms read (50), bonds read (49).
Info: Determining atomic numbers from atomic symbols which are case sensitive.
Running: /home/usac/Desktop/gromacs_ns/venv/bin/bondtype -j full -i ANTECHAMBER_BOND_TYPE.AC0 -o ANTECHAMBER_BOND_TYPE.AC -f ac
/bin/bash: /home/usac/Desktop/gromacs_ns/venv/lib/libtinfo.so.6: no version information available (required by /bin/bash)

Running: /home/usac/Desktop/gromacs_ns/venv/bin/atomtype -i ANTECHAMBER_AC.AC0 -o ANTECHAMBER_AC.AC -p gaff2
/bin/bash: /home/usac/Desktop/gromacs_ns/venv/lib/libtinfo.so.6: no version information available (required by /bin/bash)

Running: /home/usac/Desktop/gromacs_ns/venv/bin/atomtype -i ANTECHAMBER_PREP.AC0 -o ANTECHAMBER_PREP.AC -p gaff2
/bin/bash: /home/usac/Desktop/gromacs_ns/venv/lib/libtinfo.so.6: no version information available (required by /bin/bash)

Running: /home/usac/Desktop/gromacs_ns/venv/bin/charmmgen -i ANTECHAMBER_PREP.AC -f ac -o DTAB_CHARMM -r DTA

DEBUG: ++++++++++end_quote+++++++++++++++++++++++++++++++++++++++++++++++++++++++++++++
==> Writing pickle file DTAB.pkl
==> Removing temporary files...
Total time of execution: 15s
DEBUG: No tmp folder left to be removed
