            --------------------------------------------------------
                             AMBER SQM VERSION 19
 
                                     By
              Ross C. Walker, Michael F. Crowley, Scott Brozell,
                         Tim Giese, Andreas W. Goetz,
                        Tai-Sung Lee and David A. Case
 
            --------------------------------------------------------
 

--------------------------------------------------------------------------------
  QM CALCULATION INFO
--------------------------------------------------------------------------------

| QMMM: Citation for AMBER QMMM Run:
| QMMM: R.C. Walker, M.F. Crowley and D.A. Case, J. COMP. CHEM. 29:1019, 2008

QMMM: SINGLET STATE CALCULATION
QMMM: RHF CALCULATION, NO. OF DOUBLY OCCUPIED LEVELS = 49

| QMMM: *** Selected Hamiltonian *** 
| QMMM: AM1         

| QMMM: *** Parameter sets in use ***
| QMMM: C : M.J.S.DEWAR et al. JACS, 107, 3902, (1985)
| QMMM: N : M.J.S.DEWAR et al. JACS, 107, 3902, (1985)
| QMMM: H : M.J.S.DEWAR et al. JACS, 107, 3902, (1985)

| QMMM: *** SCF convergence criteria ***
| QMMM: Energy change                :  0.1D-09 kcal/mol
| QMMM: Error matrix |FP-PF|         :  0.1D+00 au
| QMMM: Density matrix change        :  0.5D-06
| QMMM: Maximum number of SCF cycles :     1000

| QMMM: *** Diagonalization Routine Information ***
| QMMM: Pseudo diagonalizations are allowed.
| QMMM: Auto diagonalization routine selection is in use.
| QMMM:
| QMMM: Timing diagonalization routines:
| QMMM:                              norbs =       98
| QMMM:    diag iterations used for timing =       15
| QMMM:
| QMMM:              Internal diag routine = 0.023563 seconds
| QMMM:                 Dspev diag routine = 0.021707 seconds
| QMMM:                Dspevd diag routine = 0.017727 seconds
| QMMM:                Dspevx diag routine = 0.083650 seconds
| QMMM:                 Dsyev diag routine = 0.024073 seconds
| QMMM:                Dsyevd diag routine = 0.019820 seconds
| QMMM:                Dsyevr diag routine = 0.020686 seconds
| QMMM:
| QMMM:                Pseudo diag routine = 0.009145 seconds
| QMMM:
| QMMM: Using dspevd routine (diag_routine=3).

  QMMM: QM Region Cartesian Coordinates (*=link atom) 
  QMMM: QM_NO.   MM_NO.  ATOM         X         Y         Z
  QMMM:     1        1      C       -1.2260   -8.4340   -0.2030
  QMMM:     2        2      C       -1.1000   -6.9470   -0.5780
  QMMM:     3        3      C        0.1000   -6.2550    0.0960
  QMMM:     4        4      C        0.2340   -4.7620   -0.2600
  QMMM:     5        5      C        1.4120   -4.0750    0.4580
  QMMM:     6        6      C        1.6440   -2.6030    0.0570
  QMMM:     7        7      C        0.4830   -1.6490    0.4000
  QMMM:     8        8      C        0.8350   -0.1680    0.1600
  QMMM:     9        9      C       -0.3440    0.7930    0.3970
  QMMM:    10       10      C        0.0620    2.2760    0.2850
  QMMM:    11       11      C       -1.1490    3.2260    0.3810
  QMMM:    12       12      C       -0.8940    4.6830    0.7870
  QMMM:    13       13      N       -0.1320    5.5980   -0.2030
  QMMM:    14       14      C        1.3510    5.2650   -0.2510
  QMMM:    15       15      C       -0.7150    5.5090   -1.6010
  QMMM:    16       16      C       -0.2740    7.0320    0.2940
  QMMM:    17       17      H       -2.0920   -8.8980   -0.6900
  QMMM:    18       18      H       -1.3430   -8.5560    0.8820
  QMMM:    19       19      H       -0.3300   -8.9920   -0.5070
  QMMM:    20       20      H       -2.0240   -6.4180   -0.2960
  QMMM:    21       21      H       -1.0080   -6.8500   -1.6700
  QMMM:    22       22      H        0.0060   -6.3590    1.1890
  QMMM:    23       23      H        1.0260   -6.7800   -0.1880
  QMMM:    24       24      H       -0.7060   -4.2500   -0.0080
  QMMM:    25       25      H        0.3650   -4.6580   -1.3490
  QMMM:    26       26      H        2.3310   -4.6440    0.2500
  QMMM:    27       27      H        1.2530   -4.1300    1.5470
  QMMM:    28       28      H        1.8450   -2.5490   -1.0250
  QMMM:    29       29      H        2.5550   -2.2430    0.5600
  QMMM:    30       30      H       -0.4030   -1.9090   -0.1950
  QMMM:    31       31      H        0.2020   -1.7840    1.4570
  QMMM:    32       32      H        1.1960   -0.0430   -0.8730
  QMMM:    33       33      H        1.6720    0.1130    0.8180
  QMMM:    34       34      H       -0.7700    0.6120    1.3960
  QMMM:    35       35      H       -1.1420    0.5740   -0.3290
  QMMM:    36       36      H        0.7830    2.5100    1.0820
  QMMM:    37       37      H        0.5850    2.4200   -0.6710
  QMMM:    38       38      H       -1.8140    2.8550    1.1760
  QMMM:    39       39      H       -1.7410    3.1780   -0.5420
  QMMM:    40       40      H       -0.3240    4.7310    1.7180
  QMMM:    41       41      H       -1.8560    5.1800    0.9380
  QMMM:    42       42      H        1.4830    4.2870   -0.7040
  QMMM:    43       43      H        1.7480    5.2730    0.7640
  QMMM:    44       44      H        1.8430    6.0260   -0.8590
  QMMM:    45       45      H       -0.5440    4.5090   -1.9980
  QMMM:    46       46      H       -0.2130    6.2520   -2.2220
  QMMM:    47       47      H       -1.7830    5.7250   -1.5430
  QMMM:    48       48      H        0.1340    7.0840    1.3040
  QMMM:    49       49      H       -1.3270    7.3110    0.2930
  QMMM:    50       50      H        0.2870    7.6830   -0.3770

--------------------------------------------------------------------------------
  RESULTS
--------------------------------------------------------------------------------

      iter         sqm energy              rms gradient
      ----    -------------------    -----------------------
xmin    10       83.1103 kcal/mol        0.0966 kcal/(mol*A)
xmin    20       82.9649 kcal/mol        0.0574 kcal/(mol*A)
xmin    30       82.9112 kcal/mol        0.0645 kcal/(mol*A)
xmin    40       82.8690 kcal/mol        0.0205 kcal/(mol*A)
xmin    50       82.8532 kcal/mol        0.0181 kcal/(mol*A)
xmin    60       82.8480 kcal/mol        0.0624 kcal/(mol*A)
xmin    70       82.8443 kcal/mol        0.0198 kcal/(mol*A)
xmin    80       82.8417 kcal/mol        0.0035 kcal/(mol*A)
xmin    90       82.8401 kcal/mol        0.0044 kcal/(mol*A)
xmin   100       82.8399 kcal/mol        0.0031 kcal/(mol*A)
xmin   110       82.8397 kcal/mol        0.0052 kcal/(mol*A)
  ... geometry converged !
 
 Final MO eigenvalues (eV):
 -46.0243  -40.6093  -39.1813  -37.5111  -35.6095  -33.8146  -33.7549  -33.1938
 -31.1161  -29.3112  -27.5363  -25.9902  -25.1002  -24.2411  -22.8983  -22.7043
 -22.4366  -22.2026  -21.9106  -19.8473  -19.0813  -18.8296  -18.4014  -18.3338
 -18.1731  -17.9569  -17.8729  -17.8165  -17.7345  -17.6518  -17.0609  -16.7379
 -16.5190  -16.2761  -15.9234  -15.6714  -15.4935  -15.0468  -14.9848  -14.5123
 -14.3168  -14.0927  -13.7875  -13.5710  -13.2105  -13.1036  -12.7992  -12.6986
 -12.4371   -3.9464   -1.9053   -1.8501   -1.7947   -0.9092   -0.8476   -0.7324
  -0.6707   -0.6317   -0.5099   -0.4551   -0.4325   -0.3528   -0.2844   -0.2142
  -0.1802    0.1474    0.4620    0.6784    0.8600    1.0665    1.3331    1.4563
   1.7067    1.9498    1.9959    2.1647    2.2477    2.3249    2.4563    2.5678
   2.6374    2.7993    2.8781    2.9233    3.0001    3.1048    3.2006    3.2406
   3.3530    3.4128    3.5236    3.6384    3.6710    3.7957    3.8454    3.9502
   3.9926    4.0925

 Heat of formation   =         82.83971716 kcal/mol  (        3.59219969 eV)

 Total SCF energy    =     -59760.34072927 kcal/mol  (    -2591.40283289 eV)
 Electronic energy   =    -421514.92933362 kcal/mol  (   -18278.25893646 eV)
 Core-core repulsion =     361754.58860435 kcal/mol  (    15686.85610357 eV)
 
    Atomic Charges for Step       1 :
  Atom    Element       Mulliken Charge
     1      C                 -0.212
     2      C                 -0.158
     3      C                 -0.159
     4      C                 -0.157
     5      C                 -0.159
     6      C                 -0.156
     7      C                 -0.159
     8      C                 -0.158
     9      C                 -0.160
    10      C                 -0.167
    11      C                 -0.188
    12      C                 -0.120
    13      N                  0.030
    14      C                 -0.191
    15      C                 -0.187
    16      C                 -0.188
    17      H                  0.076
    18      H                  0.074
    19      H                  0.075
    20      H                  0.075
    21      H                  0.078
    22      H                  0.080
    23      H                  0.084
    24      H                  0.073
    25      H                  0.079
    26      H                  0.087
    27      H                  0.082
    28      H                  0.081
    29      H                  0.079
    30      H                  0.086
    31      H                  0.085
    32      H                  0.079
    33      H                  0.082
    34      H                  0.094
    35      H                  0.090
    36      H                  0.088
    37      H                  0.073
    38      H                  0.137
    39      H                  0.107
    40      H                  0.139
    41      H                  0.134
    42      H                  0.149
    43      H                  0.139
    44      H                  0.138
    45      H                  0.146
    46      H                  0.138
    47      H                  0.140
    48      H                  0.141
    49      H                  0.141
    50      H                  0.141
 Total Mulliken Charge =       1.000
 
                  X        Y        Z     TOTAL  
  QM DIPOLE    -0.850   24.049   -0.967   24.083
 
 Final Structure

  QMMM: QM Region Cartesian Coordinates (*=link atom) 
  QMMM: QM_NO.   MM_NO.  ATOM         X         Y         Z
  QMMM:     1        1      C       -1.2821   -8.0731   -0.6830
  QMMM:     2        2      C       -0.9827   -6.6332   -1.0109
  QMMM:     3        3      C       -0.0074   -6.0306   -0.0220
  QMMM:     4        4      C        0.2913   -4.5842   -0.3548
  QMMM:     5        5      C        1.2658   -3.9850    0.6369
  QMMM:     6        6      C        1.6086   -2.5454    0.3165
  QMMM:     7        7      C        0.4965   -1.5911    0.6977
  QMMM:     8        8      C        0.8765   -0.1588    0.3861
  QMMM:     9        9      C       -0.2381    0.7937    0.7638
  QMMM:    10       10      C        0.1478    2.2295    0.4647
  QMMM:    11       11      C       -0.9946    3.1682    0.7819
  QMMM:    12       12      C       -0.6035    4.6282    0.9419
  QMMM:    13       13      N       -0.1570    5.3711   -0.2970
  QMMM:    14       14      C        1.2979    5.1477   -0.5488
  QMMM:    15       15      C       -0.9400    4.9491   -1.4936
  QMMM:    16       16      C       -0.3752    6.8356   -0.0705
  QMMM:    17       17      H       -2.0023   -8.4977   -1.4234
  QMMM:    18       18      H       -1.7309   -8.1611    0.3359
  QMMM:    19       19      H       -0.3486   -8.6858   -0.7080
  QMMM:    20       20      H       -1.9350   -6.0397   -1.0059
  QMMM:    21       21      H       -0.5559   -6.5634   -2.0464
  QMMM:    22       22      H       -0.4328   -6.0988    1.0139
  QMMM:    23       23      H        0.9457   -6.6226   -0.0272
  QMMM:    24       24      H       -0.6634   -3.9951   -0.3529
  QMMM:    25       25      H        0.7188   -4.5182   -1.3901
  QMMM:    26       26      H        2.2109   -4.5914    0.6319
  QMMM:    27       27      H        0.8369   -4.0505    1.6715
  QMMM:    28       28      H        1.8304   -2.4455   -0.7788
  QMMM:    29       29      H        2.5419   -2.2603    0.8717
  QMMM:    30       30      H       -0.4403   -1.8609    0.1423
  QMMM:    31       31      H        0.2734   -1.6913    1.7928
  QMMM:    32       32      H        1.1039   -0.0607   -0.7082
  QMMM:    33       33      H        1.8106    0.1123    0.9455
  QMMM:    34       34      H       -0.4702    0.6852    1.8563
  QMMM:    35       35      H       -1.1695    0.5282    0.1974
  QMMM:    36       36      H        1.0524    2.5026    1.0701
  QMMM:    37       37      H        0.4251    2.3081   -0.6205
  QMMM:    38       38      H       -1.4394    2.8726    1.7764
  QMMM:    39       39      H       -1.8109    3.0502    0.0213
  QMMM:    40       40      H        0.2333    4.7139    1.6937
  QMMM:    41       41      H       -1.5042    5.1814    1.3423
  QMMM:    42       42      H        1.4992    4.0491   -0.6565
  QMMM:    43       43      H        1.8920    5.5539    0.3127
  QMMM:    44       44      H        1.5965    5.6778   -1.4924
  QMMM:    45       45      H       -0.6869    3.8861   -1.7525
  QMMM:    46       46      H       -0.6809    5.6146   -2.3600
  QMMM:    47       47      H       -2.0362    5.0338   -1.2688
  QMMM:    48       48      H        0.1446    7.1464    0.8742
  QMMM:    49       49      H       -1.4750    7.0418    0.0174
  QMMM:    50       50      H        0.0441    7.4124   -0.9374

           --------- Calculation Completed ----------

