            --------------------------------------------------------
                             AMBER SQM VERSION 19
 
                                     By
              Ross C. Walker, Michael F. Crowley, Scott Brozell,
                         Tim Giese, Andreas W. Goetz,
                        Tai-Sung Lee and David A. Case
 
            --------------------------------------------------------
 

--------------------------------------------------------------------------------
  QM CALCULATION INFO
--------------------------------------------------------------------------------

| QMMM: Citation for AMBER QMMM Run:
| QMMM: R.C. Walker, M.F. Crowley and D.A. Case, J. COMP. CHEM. 29:1019, 2008

QMMM: SINGLET STATE CALCULATION
QMMM: RHF CALCULATION, NO. OF DOUBLY OCCUPIED LEVELS = 63

| QMMM: *** Selected Hamiltonian *** 
| QMMM: AM1         

| QMMM: *** Parameter sets in use ***
| QMMM: C : M.J.S.DEWAR et al. JACS, 107, 3902, (1985)
| QMMM: N : M.J.S.DEWAR et al. JACS, 107, 3902, (1985)
| QMMM: H : M.J.S.DEWAR et al. JACS, 107, 3902, (1985)

| QMMM: *** SCF convergence criteria ***
| QMMM: Energy change                :  0.1D-09 kcal/mol
| QMMM: Error matrix |FP-PF|         :  0.1D+00 au
| QMMM: Density matrix change        :  0.5D-06
| QMMM: Maximum number of SCF cycles :     1000

| QMMM: *** Diagonalization Routine Information ***
| QMMM: Pseudo diagonalizations are allowed.
| QMMM: Auto diagonalization routine selection is in use.
| QMMM:
| QMMM: Timing diagonalization routines:
| QMMM:                              norbs =      126
| QMMM:    diag iterations used for timing =       10
| QMMM:
| QMMM:              Internal diag routine = 0.031057 seconds
| QMMM:                 Dspev diag routine = 0.030582 seconds
| QMMM:                Dspevd diag routine = 0.020741 seconds
| QMMM:                Dspevx diag routine = 0.104433 seconds
| QMMM:                 Dsyev diag routine = 0.032323 seconds
| QMMM:                Dsyevd diag routine = 0.024503 seconds
| QMMM:                Dsyevr diag routine = 0.026533 seconds
| QMMM:
| QMMM:                Pseudo diag routine = 0.014307 seconds
| QMMM:
| QMMM: Using dspevd routine (diag_routine=3).

  QMMM: QM Region Cartesian Coordinates (*=link atom) 
  QMMM: QM_NO.   MM_NO.  ATOM         X         Y         Z
  QMMM:     1        1      C       -0.8220  -10.7350   -0.5410
  QMMM:     2        2      C       -0.8760   -9.2990    0.0090
  QMMM:     3        3      C        0.3910   -8.4820   -0.3060
  QMMM:     4        4      C        0.3490   -7.0460    0.2480
  QMMM:     5        5      C        1.6160   -6.2320   -0.0790
  QMMM:     6        6      C        1.6480   -4.8160    0.5350
  QMMM:     7        7      C        0.5960   -3.8490   -0.0430
  QMMM:     8        8      C        0.6850   -2.4340    0.5610
  QMMM:     9        9      C       -0.3580   -1.4600   -0.0180
  QMMM:    10       10      C       -0.2880   -0.0550    0.6100
  QMMM:    11       11      C       -1.3500    0.9050    0.0290
  QMMM:    12       12      C       -1.4060    2.2940    0.6970
  QMMM:    13       13      N       -0.6870    3.4490   -0.0440
  QMMM:    14       14      C        0.7540    3.0930   -0.3430
  QMMM:    15       15      C       -1.4060    3.7640   -1.3420
  QMMM:    16       16      C       -0.7450    4.6950    0.9160
  QMMM:    17       17      C       -0.1520    5.9670    0.3740
  QMMM:    18       18      C        1.2040    6.2770    0.5970
  QMMM:    19       19      C        1.7460    7.4800    0.1270
  QMMM:    20       20      C        0.9350    8.3910   -0.5620
  QMMM:    21       21      C       -0.4210    8.1050   -0.7700
  QMMM:    22       22      C       -0.9620    6.9030   -0.3000
  QMMM:    23       23      H       -1.7370  -11.2890   -0.3030
  QMMM:    24       24      H        0.0250  -11.2880   -0.1160
  QMMM:    25       25      H       -0.7050  -10.7350   -1.6330
  QMMM:    26       26      H       -1.0250   -9.3300    1.0990
  QMMM:    27       27      H       -1.7530   -8.7800   -0.4080
  QMMM:    28       28      H        1.2690   -9.0050    0.1050
  QMMM:    29       29      H        0.5370   -8.4470   -1.3970
  QMMM:    30       30      H        0.2180   -7.0840    1.3420
  QMMM:    31       31      H       -0.5400   -6.5370   -0.1540
  QMMM:    32       32      H        1.7290   -6.1560   -1.1720
  QMMM:    33       33      H        2.4940   -6.7890    0.2810
  QMMM:    34       34      H        2.6480   -4.3840    0.3790
  QMMM:    35       35      H        1.5100   -4.8940    1.6250
  QMMM:    36       36      H        0.7250   -3.7870   -1.1350
  QMMM:    37       37      H       -0.4130   -4.2480    0.1300
  QMMM:    38       38      H        1.6960   -2.0300    0.3920
  QMMM:    39       39      H        0.5550   -2.4990    1.6530
  QMMM:    40       40      H       -1.3660   -1.8740    0.1350
  QMMM:    41       41      H       -0.2170   -1.3830   -1.1070
  QMMM:    42       42      H        0.7230    0.3520    0.4690
  QMMM:    43       43      H       -0.4410   -0.1380    1.6960
  QMMM:    44       44      H       -2.3380    0.4460    0.1650
  QMMM:    45       45      H       -1.2230    0.9880   -1.0580
  QMMM:    46       46      H       -0.9520    2.2570    1.6920
  QMMM:    47       47      H       -2.4370    2.6400    0.8070
  QMMM:    48       48      H        0.7770    2.2340   -1.0120
  QMMM:    49       49      H        1.2600    2.8490    0.5930
  QMMM:    50       50      H        1.2340    3.9480   -0.8170
  QMMM:    51       51      H       -1.3800    2.8870   -1.9870
  QMMM:    52       52      H       -0.9040    4.5990   -1.8280
  QMMM:    53       53      H       -2.4400    4.0290   -1.1180
  QMMM:    54       54      H       -0.2280    4.3660    1.8200
  QMMM:    55       55      H       -1.8080    4.8160    1.1430
  QMMM:    56       56      H        1.8350    5.5930    1.1590
  QMMM:    57       57      H        2.7890    7.7100    0.3120
  QMMM:    58       58      H        1.3530    9.3260   -0.9200
  QMMM:    59       59      H       -1.0570    8.8200   -1.2810
  QMMM:    60       60      H       -2.0220    6.7040   -0.4390

--------------------------------------------------------------------------------
  RESULTS
--------------------------------------------------------------------------------

      iter         sqm energy              rms gradient
      ----    -------------------    -----------------------
xmin    10      106.9199 kcal/mol        0.3765 kcal/(mol*A)
xmin    20      106.8396 kcal/mol        0.1746 kcal/(mol*A)
xmin    30      106.8242 kcal/mol        0.0578 kcal/(mol*A)
xmin    40      106.8184 kcal/mol        0.0231 kcal/(mol*A)
xmin    50      106.8140 kcal/mol        0.0255 kcal/(mol*A)
xmin    60      106.8125 kcal/mol        0.0133 kcal/(mol*A)
xmin    70      106.8121 kcal/mol        0.0035 kcal/(mol*A)
xmin    80      106.8121 kcal/mol        0.0022 kcal/(mol*A)
xmin    90      106.8120 kcal/mol        0.0013 kcal/(mol*A)
xmin   100      106.8120 kcal/mol        0.0007 kcal/(mol*A)
xmin   110      106.8120 kcal/mol        0.0009 kcal/(mol*A)
  ... geometry converged !
 
 Final MO eigenvalues (eV):
 -45.9145  -42.6505  -40.4244  -39.0779  -37.4779  -36.3792  -35.2501  -34.9590
 -33.4164  -33.1556  -32.2729  -30.6370  -29.0095  -27.3094  -26.6338  -25.8914
 -25.5442  -24.8966  -24.0950  -22.8345  -22.6073  -22.4042  -21.8998  -21.5755
 -20.5999  -19.5840  -19.4444  -19.2587  -18.7352  -18.3663  -18.1528  -17.9194
 -17.8232  -17.5764  -17.5404  -17.4914  -17.4102  -17.3943  -17.1265  -16.8894
 -16.6571  -16.6188  -16.3914  -16.1208  -15.7931  -15.5801  -15.4181  -15.3378
 -15.2046  -14.9236  -14.8196  -14.4023  -14.1885  -13.9887  -13.6773  -13.4906
 -13.1287  -13.1102  -13.0424  -13.0308  -12.7273  -12.6279  -12.3719   -3.8550
  -2.9530   -2.8010   -1.5604   -1.4816   -1.4203   -0.6545   -0.5298   -0.5213
  -0.4163   -0.3385   -0.3030   -0.2682   -0.1653   -0.1053   -0.0286    0.0752
   0.1404    0.1522    0.4170    0.5373    0.6505    0.6746    0.8976    1.0385
   1.1148    1.1929    1.2201    1.3138    1.5608    1.6126    1.6508    1.7474
   1.8702    2.0529    2.0672    2.1491    2.2318    2.2882    2.3523    2.4235
   2.4291    2.5779    2.6814    2.7128    2.7288    2.8998    2.9657    3.0138
   3.0789    3.1882    3.2765    3.3186    3.4233    3.4894    3.5915    3.7084
   3.7408    3.8585    3.9095    4.0084    4.0536    4.1496

 Heat of formation   =        106.81201606 kcal/mol  (        4.63171658 eV)

 Total SCF energy    =     -78738.16659516 kcal/mol  (    -3414.34311587 eV)
 Electronic energy   =    -615183.63711431 kcal/mol  (   -26676.36429965 eV)
 Core-core repulsion =     536445.47051914 kcal/mol  (    23262.02118378 eV)
 
    Atomic Charges for Step       1 :
  Atom    Element       Mulliken Charge
     1      C                 -0.212
     2      C                 -0.158
     3      C                 -0.159
     4      C                 -0.157
     5      C                 -0.158
     6      C                 -0.156
     7      C                 -0.158
     8      C                 -0.158
     9      C                 -0.160
    10      C                 -0.167
    11      C                 -0.184
    12      C                 -0.121
    13      N                  0.026
    14      C                 -0.188
    15      C                 -0.189
    16      C                 -0.063
    17      C                 -0.168
    18      C                 -0.106
    19      C                 -0.118
    20      C                 -0.081
    21      C                 -0.118
    22      C                 -0.106
    23      H                  0.076
    24      H                  0.075
    25      H                  0.073
    26      H                  0.079
    27      H                  0.075
    28      H                  0.083
    29      H                  0.079
    30      H                  0.081
    31      H                  0.074
    32      H                  0.081
    33      H                  0.086
    34      H                  0.077
    35      H                  0.083
    36      H                  0.081
    37      H                  0.087
    38      H                  0.079
    39      H                  0.086
    40      H                  0.093
    41      H                  0.083
    42      H                  0.074
    43      H                  0.098
    44      H                  0.129
    45      H                  0.101
    46      H                  0.137
    47      H                  0.131
    48      H                  0.139
    49      H                  0.133
    50      H                  0.145
    51      H                  0.136
    52      H                  0.147
    53      H                  0.132
    54      H                  0.138
    55      H                  0.138
    56      H                  0.137
    57      H                  0.159
    58      H                  0.161
    59      H                  0.159
    60      H                  0.136
 Total Mulliken Charge =       1.000
 
                  X        Y        Z     TOTAL  
  QM DIPOLE    -2.558   16.655   -0.419   16.855
 
 Final Structure

  QMMM: QM Region Cartesian Coordinates (*=link atom) 
  QMMM: QM_NO.   MM_NO.  ATOM         X         Y         Z
  QMMM:     1        1      C       -0.6604  -10.4512   -0.5849
  QMMM:     2        2      C       -0.7090   -9.0955    0.0712
  QMMM:     3        3      C        0.4533   -8.2276   -0.3624
  QMMM:     4        4      C        0.4013   -6.8669    0.2993
  QMMM:     5        5      C        1.5648   -6.0018   -0.1366
  QMMM:     6        6      C        1.5576   -4.6416    0.5285
  QMMM:     7        7      C        0.5278   -3.7110   -0.0767
  QMMM:     8        8      C        0.5563   -2.3548    0.5962
  QMMM:     9        9      C       -0.4728   -1.4245   -0.0103
  QMMM:    10       10      C       -0.4421   -0.0671    0.6617
  QMMM:    11       11      C       -1.4810    0.8557    0.0582
  QMMM:    12       12      C       -1.4898    2.2291    0.7177
  QMMM:    13       13      N       -0.7427    3.3268   -0.0032
  QMMM:    14       14      C        0.6622    2.9152   -0.2716
  QMMM:    15       15      C       -1.4232    3.6492   -1.2888
  QMMM:    16       16      C       -0.7548    4.5499    0.9003
  QMMM:    17       17      C       -0.0872    5.7513    0.3247
  QMMM:    18       18      C        1.2690    5.9904    0.5804
  QMMM:    19       19      C        1.8727    7.1554    0.1105
  QMMM:    20       20      C        1.1269    8.0870   -0.6139
  QMMM:    21       21      C       -0.2261    7.8536   -0.8669
  QMMM:    22       22      C       -0.8337    6.6899   -0.3991
  QMMM:    23       23      H       -1.5252  -11.0743   -0.2519
  QMMM:    24       24      H        0.2830  -10.9856   -0.3170
  QMMM:    25       25      H       -0.7034  -10.3536   -1.6967
  QMMM:    26       26      H       -0.6896   -9.2159    1.1867
  QMMM:    27       27      H       -1.6740   -8.5854   -0.1888
  QMMM:    28       28      H        1.4188   -8.7362   -0.1016
  QMMM:    29       29      H        0.4351   -8.1054   -1.4775
  QMMM:    30       30      H        0.4211   -6.9911    1.4143
  QMMM:    31       31      H       -0.5662   -6.3616    0.0400
  QMMM:    32       32      H        1.5440   -5.8782   -1.2515
  QMMM:    33       33      H        2.5247   -6.5249    0.1200
  QMMM:    34       34      H        2.5752   -4.1790    0.4244
  QMMM:    35       35      H        1.3577   -4.7597    1.6262
  QMMM:    36       36      H        0.7275   -3.5912   -1.1743
  QMMM:    37       37      H       -0.4950   -4.1603    0.0271
  QMMM:    38       38      H        1.5792   -1.9054    0.4935
  QMMM:    39       39      H        0.3554   -2.4755    1.6935
  QMMM:    40       40      H       -1.4952   -1.8745    0.0967
  QMMM:    41       41      H       -0.2742   -1.3083   -1.1084
  QMMM:    42       42      H        0.5815    0.3798    0.5563
  QMMM:    43       43      H       -0.6387   -0.1914    1.7601
  QMMM:    44       44      H       -2.5002    0.4057    0.2204
  QMMM:    45       45      H       -1.3340    0.9176   -1.0516
  QMMM:    46       46      H       -1.0411    2.1472    1.7502
  QMMM:    47       47      H       -2.5552    2.5861    0.8201
  QMMM:    48       48      H        0.6703    2.0360   -0.9693
  QMMM:    49       49      H        1.1564    2.6330    0.6956
  QMMM:    50       50      H        1.2161    3.7736   -0.7397
  QMMM:    51       51      H       -1.4018    2.7561   -1.9668
  QMMM:    52       52      H       -0.8903    4.5063   -1.7835
  QMMM:    53       53      H       -2.4869    3.9413   -1.0836
  QMMM:    54       54      H       -0.2427    4.2505    1.8604
  QMMM:    55       55      H       -1.8373    4.7800    1.1208
  QMMM:    56       56      H        1.8577    5.2679    1.1668
  QMMM:    57       57      H        2.9381    7.3438    0.3189
  QMMM:    58       58      H        1.6046    9.0105   -0.9800
  QMMM:    59       59      H       -0.8175    8.5932   -1.4300
  QMMM:    60       60      H       -1.9051    6.5190   -0.5866

           --------- Calculation Completed ----------

