            --------------------------------------------------------
                             AMBER SQM VERSION 19
 
                                     By
              Ross C. Walker, Michael F. Crowley, Scott Brozell,
                         Tim Giese, Andreas W. Goetz,
                        Tai-Sung Lee and David A. Case
 
            --------------------------------------------------------
 

--------------------------------------------------------------------------------
  QM CALCULATION INFO
--------------------------------------------------------------------------------

| QMMM: Citation for AMBER QMMM Run:
| QMMM: R.C. Walker, M.F. Crowley and D.A. Case, J. COMP. CHEM. 29:1019, 2008

QMMM: SINGLET STATE CALCULATION
QMMM: RHF CALCULATION, NO. OF DOUBLY OCCUPIED LEVELS = 52

| QMMM: *** Selected Hamiltonian *** 
| QMMM: AM1         

| QMMM: *** Parameter sets in use ***
| QMMM: C : M.J.S.DEWAR et al. JACS, 107, 3902, (1985)
| QMMM: N : M.J.S.DEWAR et al. JACS, 107, 3902, (1985)
| QMMM: H : M.J.S.DEWAR et al. JACS, 107, 3902, (1985)

| QMMM: *** SCF convergence criteria ***
| QMMM: Energy change                :  0.1D-09 kcal/mol
| QMMM: Error matrix |FP-PF|         :  0.1D+00 au
| QMMM: Density matrix change        :  0.5D-06
| QMMM: Maximum number of SCF cycles :     1000

| QMMM: *** Diagonalization Routine Information ***
| QMMM: Pseudo diagonalizations are allowed.
| QMMM: Auto diagonalization routine selection is in use.
| QMMM:
| QMMM: Timing diagonalization routines:
| QMMM:                              norbs =      103
| QMMM:    diag iterations used for timing =       10
| QMMM:
| QMMM:              Internal diag routine = 0.017621 seconds
| QMMM:                 Dspev diag routine = 0.016493 seconds
| QMMM:                Dspevd diag routine = 0.012167 seconds
| QMMM:                Dspevx diag routine = 0.063074 seconds
| QMMM:                 Dsyev diag routine = 0.019062 seconds
| QMMM:                Dsyevd diag routine = 0.014955 seconds
| QMMM:                Dsyevr diag routine = 0.016232 seconds
| QMMM:
| QMMM:                Pseudo diag routine = 0.007770 seconds
| QMMM:
| QMMM: Using dspevd routine (diag_routine=3).

  QMMM: QM Region Cartesian Coordinates (*=link atom) 
  QMMM: QM_NO.   MM_NO.  ATOM         X         Y         Z
  QMMM:     1        1      C       -0.7050   -9.9780   -0.4510
  QMMM:     2        2      C        0.0180   -8.7710    0.1700
  QMMM:     3        3      C       -0.4930   -7.4200   -0.3650
  QMMM:     4        4      C        0.2210   -6.2050    0.2550
  QMMM:     5        5      C       -0.2860   -4.8540   -0.2850
  QMMM:     6        6      C        0.4230   -3.6390    0.3420
  QMMM:     7        7      C       -0.0900   -2.2900   -0.1950
  QMMM:     8        8      C        0.6090   -1.0730    0.4410
  QMMM:     9        9      C        0.0920    0.2740   -0.0980
  QMMM:    10       10      C        0.7770    1.4900    0.5550
  QMMM:    11       11      C        0.2530    2.8320    0.0050
  QMMM:    12       12      C        0.9350    4.0270    0.6880
  QMMM:    13       13      N        0.4510    5.3360    0.1670
  QMMM:    14       14      C        0.8520    5.9310   -1.0300
  QMMM:    15       15      C        0.1380    7.0920   -1.1630
  QMMM:    16       16      N       -0.6930    7.1920   -0.0470
  QMMM:    17       17      C       -0.4860    6.1170    0.7440
  QMMM:    18       18      C       -1.6350    8.2970    0.2220
  QMMM:    19       19      H       -0.3180  -10.9240   -0.0520
  QMMM:    20       20      H       -0.5770   -9.9970   -1.5410
  QMMM:    21       21      H       -1.7820   -9.9440   -0.2420
  QMMM:    22       22      H        1.0980   -8.8510   -0.0230
  QMMM:    23       23      H       -0.1030   -8.7950    1.2640
  QMMM:    24       24      H       -0.3700   -7.3960   -1.4590
  QMMM:    25       25      H       -1.5750   -7.3430   -0.1740
  QMMM:    26       26      H        1.3030   -6.2860    0.0690
  QMMM:    27       27      H        0.0930   -6.2290    1.3480
  QMMM:    28       28      H       -0.1540   -4.8290   -1.3780
  QMMM:    29       29      H       -1.3690   -4.7760   -0.1040
  QMMM:    30       30      H        1.5060   -3.7170    0.1570
  QMMM:    31       31      H        0.2920   -3.6690    1.4350
  QMMM:    32       32      H       -1.1740   -2.2190   -0.0170
  QMMM:    33       33      H        0.0480   -2.2580   -1.2870
  QMMM:    34       34      H        0.4700   -1.1050    1.5330
  QMMM:    35       35      H        1.6930   -1.1430    0.2640
  QMMM:    36       36      H       -0.9950    0.3370    0.0660
  QMMM:    37       37      H        0.2450    0.3110   -1.1880
  QMMM:    38       38      H        1.8630    1.4250    0.3940
  QMMM:    39       39      H        0.6180    1.4520    1.6440
  QMMM:    40       40      H        0.4270    2.8770   -1.0790
  QMMM:    41       41      H       -0.8330    2.8960    0.1580
  QMMM:    42       42      H        2.0190    4.0060    0.5390
  QMMM:    43       43      H        0.7490    4.0230    1.7660
  QMMM:    44       44      H        1.5970    5.4880   -1.6680
  QMMM:    45       45      H        0.1510    7.8420   -1.9360
  QMMM:    46       46      H       -0.9830    5.9170    1.6780
  QMMM:    47       47      H       -2.3720    8.3530   -0.5810
  QMMM:    48       48      H       -1.0860    9.2380    0.2930
  QMMM:    49       49      H       -2.1470    8.1070    1.1660

--------------------------------------------------------------------------------
  RESULTS
--------------------------------------------------------------------------------

      iter         sqm energy              rms gradient
      ----    -------------------    -----------------------
xmin    10      122.4529 kcal/mol        0.0490 kcal/(mol*A)
xmin    20      122.4370 kcal/mol        0.0132 kcal/(mol*A)
xmin    30      122.4357 kcal/mol        0.0253 kcal/(mol*A)
xmin    40      122.4351 kcal/mol        0.0173 kcal/(mol*A)
xmin    50      122.4345 kcal/mol        0.0070 kcal/(mol*A)
xmin    60      122.4334 kcal/mol        0.0082 kcal/(mol*A)
xmin    70      122.4327 kcal/mol        0.0043 kcal/(mol*A)
xmin    80      122.4313 kcal/mol        0.0113 kcal/(mol*A)
xmin    90      122.4309 kcal/mol        0.0034 kcal/(mol*A)
xmin   100      122.4305 kcal/mol        0.0123 kcal/(mol*A)
xmin   110      122.4303 kcal/mol        0.0026 kcal/(mol*A)
xmin   120      122.4302 kcal/mol        0.0043 kcal/(mol*A)
xmin   130      122.4300 kcal/mol        0.0046 kcal/(mol*A)
xmin   140      122.4298 kcal/mol        0.0031 kcal/(mol*A)
xmin   150      122.4297 kcal/mol        0.0022 kcal/(mol*A)
xmin   160      122.4297 kcal/mol        0.0053 kcal/(mol*A)
xmin   170      122.4296 kcal/mol        0.0043 kcal/(mol*A)
xmin   180      122.4295 kcal/mol        0.0043 kcal/(mol*A)
xmin   190      122.4294 kcal/mol        0.0021 kcal/(mol*A)
xmin   200      122.4294 kcal/mol        0.0052 kcal/(mol*A)
xmin   210      122.4294 kcal/mol        0.0014 kcal/(mol*A)
xmin   220      122.4293 kcal/mol        0.0008 kcal/(mol*A)
xmin   230      122.4293 kcal/mol        0.0016 kcal/(mol*A)
xmin   240      122.4293 kcal/mol        0.0043 kcal/(mol*A)
xmin   250      122.4293 kcal/mol        0.0021 kcal/(mol*A)
  ... geometry converged !
 
 Final MO eigenvalues (eV):
 -47.1689  -41.8001  -40.0406  -38.8389  -37.4146  -35.9904  -34.8392  -33.4463
 -32.1639  -30.2607  -28.3751  -27.4105  -26.8332  -25.7885  -24.5707  -23.6326
 -23.0452  -22.8106  -22.5400  -21.4172  -20.9034  -20.4697  -20.0999  -19.6551
 -19.2080  -19.0019  -18.4969  -17.7984  -17.6767  -17.5094  -17.0682  -17.0078
 -16.5319  -16.1925  -16.0073  -15.7191  -15.4315  -15.2423  -15.2313  -14.7264
 -14.5667  -14.4113  -14.0747  -14.0715  -13.8515  -13.4904  -13.3593  -12.9973
 -12.9134  -12.5867  -12.5578  -12.2592   -4.5071   -3.7372   -3.6634   -2.8541
  -1.2596   -1.1816   -0.9721   -0.4363   -0.3689   -0.2211   -0.1468   -0.0461
   0.0538    0.1303    0.1685    0.6417    0.7252    0.8912    1.0721    1.1786
   1.2396    1.3740    1.5712    1.8710    1.8778    2.0742    2.2453    2.3734
   2.4360    2.5221    2.7263    2.7536    2.7576    2.9923    2.9944    3.0461
   3.1717    3.2628    3.3087    3.4123    3.5090    3.5529    3.5601    3.7122
   3.8545    3.8574    3.9761    4.0323    4.1304    4.1796    4.2706

 Heat of formation   =        122.42927785 kcal/mol  (        5.30893187 eV)

 Total SCF energy    =     -66513.75414619 kcal/mol  (    -2884.25281411 eV)
 Electronic energy   =    -445445.14998219 kcal/mol  (   -19315.95117220 eV)
 Core-core repulsion =     378931.39583600 kcal/mol  (    16431.69835809 eV)
 
    Atomic Charges for Step       1 :
  Atom    Element       Mulliken Charge
     1      C                 -0.211
     2      C                 -0.158
     3      C                 -0.158
     4      C                 -0.158
     5      C                 -0.158
     6      C                 -0.158
     7      C                 -0.158
     8      C                 -0.158
     9      C                 -0.157
    10      C                 -0.160
    11      C                 -0.180
    12      C                 -0.046
    13      N                 -0.082
    14      C                 -0.091
    15      C                 -0.097
    16      N                 -0.085
    17      C                  0.013
    18      C                 -0.104
    19      H                  0.076
    20      H                  0.073
    21      H                  0.073
    22      H                  0.079
    23      H                  0.078
    24      H                  0.080
    25      H                  0.079
    26      H                  0.080
    27      H                  0.080
    28      H                  0.080
    29      H                  0.080
    30      H                  0.081
    31      H                  0.081
    32      H                  0.081
    33      H                  0.082
    34      H                  0.083
    35      H                  0.084
    36      H                  0.085
    37      H                  0.087
    38      H                  0.093
    39      H                  0.090
    40      H                  0.107
    41      H                  0.098
    42      H                  0.139
    43      H                  0.130
    44      H                  0.233
    45      H                  0.233
    46      H                  0.256
    47      H                  0.138
    48      H                  0.137
    49      H                  0.131
 Total Mulliken Charge =       1.000
 
                  X        Y        Z     TOTAL  
  QM DIPOLE    -0.795   27.587    0.521   27.604
 
 Final Structure

  QMMM: QM Region Cartesian Coordinates (*=link atom) 
  QMMM: QM_NO.   MM_NO.  ATOM         X         Y         Z
  QMMM:     1        1      C       -0.6690   -9.7457   -0.3858
  QMMM:     2        2      C        0.0565   -8.5625    0.2009
  QMMM:     3        3      C       -0.5000   -7.2552   -0.3222
  QMMM:     4        4      C        0.2318   -6.0698    0.2696
  QMMM:     5        5      C       -0.3258   -4.7636   -0.2542
  QMMM:     6        6      C        0.4067   -3.5784    0.3376
  QMMM:     7        7      C       -0.1514   -2.2725   -0.1864
  QMMM:     8        8      C        0.5823   -1.0879    0.4056
  QMMM:     9        9      C        0.0226    0.2175   -0.1192
  QMMM:    10       10      C        0.7588    1.4006    0.4744
  QMMM:    11       11      C        0.1929    2.7033   -0.0549
  QMMM:    12       12      C        0.9591    3.8709    0.5653
  QMMM:    13       13      N        0.5057    5.1792    0.1312
  QMMM:    14       14      C        1.0478    5.9325   -0.9219
  QMMM:    15       15      C        0.2993    7.1131   -1.0202
  QMMM:    16       16      N       -0.6950    7.0605   -0.0297
  QMMM:    17       17      C       -0.5572    5.8761    0.6582
  QMMM:    18       18      C       -1.6766    8.0795    0.2252
  QMMM:    19       19      H       -0.2434  -10.6981    0.0129
  QMMM:    20       20      H       -0.5733   -9.7554   -1.4986
  QMMM:    21       21      H       -1.7553   -9.7101   -0.1284
  QMMM:    22       22      H        1.1489   -8.6294   -0.0470
  QMMM:    23       23      H       -0.0297   -8.5843    1.3195
  QMMM:    24       24      H       -0.4134   -7.2314   -1.4405
  QMMM:    25       25      H       -1.5919   -7.1862   -0.0738
  QMMM:    26       26      H        1.3236   -6.1396    0.0210
  QMMM:    27       27      H        0.1452   -6.0945    1.3879
  QMMM:    28       28      H       -0.2393   -4.7395   -1.3726
  QMMM:    29       29      H       -1.4176   -4.6942   -0.0053
  QMMM:    30       30      H        1.4984   -3.6485    0.0884
  QMMM:    31       31      H        0.3204   -3.6033    1.4560
  QMMM:    32       32      H       -1.2430   -2.2030    0.0633
  QMMM:    33       33      H       -0.0652   -2.2487   -1.3048
  QMMM:    34       34      H        0.4962   -1.1130    1.5240
  QMMM:    35       35      H        1.6737   -1.1583    0.1551
  QMMM:    36       36      H       -1.0688    0.2867    0.1319
  QMMM:    37       37      H        0.1090    0.2411   -1.2376
  QMMM:    38       38      H        1.8497    1.3290    0.2210
  QMMM:    39       39      H        0.6723    1.3740    1.5928
  QMMM:    40       40      H        0.2825    2.7268   -1.1728
  QMMM:    41       41      H       -0.8971    2.7725    0.1997
  QMMM:    42       42      H        2.0524    3.7913    0.2945
  QMMM:    43       43      H        0.8655    3.8299    1.6894
  QMMM:    44       44      H        1.9068    5.5912   -1.5090
  QMMM:    45       45      H        0.4019    7.9608   -1.7055
  QMMM:    46       46      H       -1.1890    5.5440    1.4991
  QMMM:    47       47      H       -2.2515    8.2836   -0.7197
  QMMM:    48       48      H       -1.1580    9.0207    0.5579
  QMMM:    49       49      H       -2.3834    7.7372    1.0276

           --------- Calculation Completed ----------

